<?xml version="1.0" encoding="UTF-8"?>
<!-- Generated by org.testng.reporters.JUnitReportReporter -->
<testsuite hostname="DESKTOP-OCDAMLK" failures="0" tests="1" name="Scripts.PraticeAutomationScript" time="0.372" errors="0" timestamp="2025-08-21T12:39:36 IST" skipped="0">
  <testcase classname="Scripts.PraticeAutomationScript" name="launch" time="0.372"/>
</testsuite> <!-- Scripts.PraticeAutomationScript -->
