<?xml version="1.0" encoding="UTF-8"?>
<!-- Generated by org.testng.reporters.JUnitReportReporter -->
<testsuite hostname="Shajina" failures="0" tests="1" name="Scripts.PraticeAutomationScript" time="0.234" errors="0" timestamp="2025-08-22T12:05:12 IST" skipped="0">
  <testcase classname="Scripts.PraticeAutomationScript" name="launch" time="0.234"/>
</testsuite> <!-- Scripts.PraticeAutomationScript -->
